


ARM Macro Assembler    Page 1 


    1 00000000                 AREA             prog1, CODE, READWRITE
    2 00000000                 ENTRY
    3 00000000         
    4 00000000 E28F0030        ADR              r0, List    ;Stores the address
                                                             of List into r0.
    5 00000004 E59F1068        LDR              r1, FIND    ;Loads the value of
                                                             FIND into r1.
    6 00000008         LOOP
    7 00000008 E4903004        LDR              r3, [r0], #4 ;    ;Loads the ad
                                                            dress of the next i
                                                            tem in List.
    8 0000000C E4902004        LDR              r2, [r0], #4 ;    ;Loads the va
                                                            lue of the contents
                                                             of the item.
    9 00000010         
   10 00000010 E1510002        CMP              r1, r2      ;Compares the value
                                                             of the item to the
                                                             value of find.
   11 00000014 0A000005        BEQ              IN          ;If they are equal,
                                                             branch to IN.
   12 00000018 E3530000        CMP              r3, #0x00   ;Compares the value
                                                             of the next item's
                                                             address to null.
   13 0000001C 0A000001        BEQ              OUT         ;If they are equal,
                                                             bra
   14 00000020 E1A00003        MOV              r0, r3      ;      ;Stores the 
                                                            address of the next
                                                             item in the list i
                                                            nto r0.
   15 00000024 EAFFFFF7        B                LOOP        ;Branches to loop.
   16 00000028         
   17 00000028 E59F2054 
                       OUT     LDR              r2, FAIL    ;Loads the value of
                                                             FAIL into r2.
   18 0000002C EA000000        B                ILOOP       ;Ends the program.
   19 00000030         
   20 00000030 E59F2044 
                       IN      LDR              r2, SUC     ;Loads the value of
                                                             SUC into r2.
   21 00000034         
   22 00000034 EAFFFFFE 
                       ILOOP   B                ILOOP       ;Ends the program.
   23 00000038         
   24 00000038                 AREA             prog1, DATA, READWRITE
   25 00000038 00000000 
              12341111 List    DCD              Item5, 0x12341111
   26 00000040 00000000 
              12342222 Item2   DCD              Item3, 0x12342222
   27 00000048 00000000 
              12343333 Item3   DCD              Item4, 0x12343333
   28 00000050 00000000 
              12344444 Item4   DCD              Item6, 0x12344444
   29 00000058 00000000 
              12345555 Item5   DCD              Item2, 0x12345555
   30 00000060 00000000 
              12346666 Item6   DCD              Item7, 0x12346666
   31 00000068 00000000 
              01234777 
              00000000 Item7   DCD              0x00,  0x1234777, 0



ARM Macro Assembler    Page 2 


   32 00000074 12346646 
              00000000 FIND    DCD              0x12346646, 0 ;The value of the
                                                             item to be found.
   33 0000007C FFFFFFFF 
              00000000 SUC     DCD              0xFFFFFFFF, 0 ;The success indi
                                                            cator.
   34 00000084 F0F0F0F0 
              00000000 FAIL    DCD              0xF0F0F0F0, 0 ;The failure indi
                                                            cator.
   35 0000008C                 END
Command Line: --debug --xref --bi --apcs=interwork --depend=.\prog1.d -o.\prog1
.o -ID:\Keil\ARM\RV31\INC -ID:\Keil\ARM\CMSIS\Include --predefine="__EVAL SETA 
1" --list=.\prog1.lst prog1.s



ARM Macro Assembler    Page 1 Alphabetic symbol ordering
Relocatable symbols

FAIL 00000084

Symbol: FAIL
   Definitions
      At line 34 in file prog1.s
   Uses
      At line 17 in file prog1.s
Comment: FAIL used once
FIND 00000074

Symbol: FIND
   Definitions
      At line 32 in file prog1.s
   Uses
      At line 5 in file prog1.s
Comment: FIND used once
ILOOP 00000034

Symbol: ILOOP
   Definitions
      At line 22 in file prog1.s
   Uses
      At line 18 in file prog1.s
      At line 22 in file prog1.s

IN 00000030

Symbol: IN
   Definitions
      At line 20 in file prog1.s
   Uses
      At line 11 in file prog1.s
Comment: IN used once
Item2 00000040

Symbol: Item2
   Definitions
      At line 26 in file prog1.s
   Uses
      At line 29 in file prog1.s
Comment: Item2 used once
Item3 00000048

Symbol: Item3
   Definitions
      At line 27 in file prog1.s
   Uses
      At line 26 in file prog1.s
Comment: Item3 used once
Item4 00000050

Symbol: Item4
   Definitions
      At line 28 in file prog1.s
   Uses
      At line 27 in file prog1.s
Comment: Item4 used once
Item5 00000058




ARM Macro Assembler    Page 2 Alphabetic symbol ordering
Relocatable symbols

Symbol: Item5
   Definitions
      At line 29 in file prog1.s
   Uses
      At line 25 in file prog1.s
Comment: Item5 used once
Item6 00000060

Symbol: Item6
   Definitions
      At line 30 in file prog1.s
   Uses
      At line 28 in file prog1.s
Comment: Item6 used once
Item7 00000068

Symbol: Item7
   Definitions
      At line 31 in file prog1.s
   Uses
      At line 30 in file prog1.s
Comment: Item7 used once
LOOP 00000008

Symbol: LOOP
   Definitions
      At line 6 in file prog1.s
   Uses
      At line 15 in file prog1.s
Comment: LOOP used once
List 00000038

Symbol: List
   Definitions
      At line 25 in file prog1.s
   Uses
      At line 4 in file prog1.s
Comment: List used once
OUT 00000028

Symbol: OUT
   Definitions
      At line 17 in file prog1.s
   Uses
      At line 13 in file prog1.s
Comment: OUT used once
SUC 0000007C

Symbol: SUC
   Definitions
      At line 33 in file prog1.s
   Uses
      At line 20 in file prog1.s
Comment: SUC used once
prog1 00000000

Symbol: prog1
   Definitions
      At line 1 in file prog1.s



ARM Macro Assembler    Page 3 Alphabetic symbol ordering
Relocatable symbols

   Uses
      None
Comment: prog1 unused
15 symbols
346 symbols in table
