


ARM Macro Assembler    Page 1 


    1 00000000                 AREA             prog3, CODE, READWRITE
    2 00000000                 ENTRY
    3 00000000         
    4 00000000 E59F009C        LDR              r0, =STRING1
    5 00000004 E59F109C        LDR              r1, =STRING2
    6 00000008         
    7 00000008 E3A03000        MOV              r3, #0
    8 0000000C         
    9 0000000C         WHILE
   10 0000000C E4D02001        LDRB             r2, [r0], #1
   11 00000010         
   12 00000010 E3530000        CMP              r3, #0
   13 00000014 0A00000B        BEQ              CHECK0
   14 00000018         
   15 00000018 E3530001        CMP              r3, #1
   16 0000001C 0A00000F        BEQ              CHECK1
   17 00000020         
   18 00000020 E3530002        CMP              r3, #2
   19 00000024 0A000011        BEQ              CHECK2
   20 00000028         
   21 00000028 E3530003        CMP              r3, #3
   22 0000002C 0A000013        BEQ              CHECK3
   23 00000030         
   24 00000030 E3530004        CMP              r3, #4
   25 00000034 0A000015        BEQ              CHECK4
   26 00000038         
   27 00000038         INSERT
   28 00000038 E4C12001        STRB             r2, [r1], #1
   29 0000003C E3520000        CMP              r2, #0
   30 00000040 1AFFFFF1        BNE              WHILE
   31 00000044         
   32 00000044 EAFFFFFE 
                       ILOOP   B                ILOOP
   33 00000048         
   34 00000048         CHECK0
   35 00000048 E3520020        CMP              r2, #0x20
   36 0000004C 02833001        ADDEQ            r3, #1
   37 00000050 0AFFFFF8        BEQ              INSERT
   38 00000054 E3520074        CMP              r2, #0x74
   39 00000058 02833002        ADDEQ            r3, #2
   40 0000005C EAFFFFF5        B                INSERT
   41 00000060         
   42 00000060         CHECK1
   43 00000060 E3520074        CMP              r2, #0x74
   44 00000064 02833001        ADDEQ            r3, #1
   45 00000068 13A03000        MOVNE            r3, #0
   46 0000006C EAFFFFF1        B                INSERT
   47 00000070         
   48 00000070         CHECK2
   49 00000070 E3520068        CMP              r2, #0x68
   50 00000074 02833001        ADDEQ            r3, #1
   51 00000078 13A03000        MOVNE            r3, #0
   52 0000007C EAFFFFED        B                INSERT
   53 00000080         
   54 00000080         CHECK3
   55 00000080 E3520065        CMP              r2, #0x65
   56 00000084 02833001        ADDEQ            r3, #1
   57 00000088 13A03000        MOVNE            r3, #0
   58 0000008C EAFFFFE9        B                INSERT



ARM Macro Assembler    Page 2 


   59 00000090         
   60 00000090         CHECK4
   61 00000090 E3520020        CMP              r2, #0x20
   62 00000094 13520000        CMPNE            r2, #0x0
   63 00000098 02411003        SUBEQ            r1, #3
   64 0000009C         
   65 0000009C E3A03000        MOV              r3, #0
   66 000000A0 EAFFFFE4        B                INSERT
   67 000000A4         
   68 000000A4 00000000 
              00000000         AREA             prog3, DATA, READWRITE
   69 000000AC 74 68 65 
              20 61 6E 
              64 20 74 
              68 65 20 
              6D 61 6E 
              20 73 61 
              69 64 20 
              74 68 65 
              79 20 6D 
              75 73 74 
              20 67 6F 
              20 74 68 
              65       STRING1 DCB              "the and the man said they must
 go the" 
                                                            ;String1
   70 000000D1 00      EoS     DCB              0x00        ;end of string1
   71 000000D2 00 00 00 
              00 00 00 
              00 00 00 
              00 00 00 
              00 00 00 
              00 00 00 
              00 00 00 
              00 00 00 
              00 00 00 
              00 00 00 
              00 00 00 
              00 00 00 
              00 00 00 
              00 00 00 
              00 00 00 
              00 00 00 
              00 00 00 
              00 00 00 
              00 00 00 
              00 00 00 
              00 00 00 
              00 00 00 
              00 00 00 
              00 00 00 
              00 00 00 
              00 00 00 
              00 00 00 
              00 00 00 
              00 00 00 
              00 00 00 
              00 00 00 
              00 00 00 



ARM Macro Assembler    Page 3 


              00 00 00 
              00 00 00 
              00 00 00 
              00 00 00 
              00 00 00 
              00 00 00 
              00 00 00 
              00 00 00 
              00 00 00 
              00 00 00 
              00 00 00 
              00 00 00 
              00 00 00 
              00 00 00 
              00 00 00 
              00 00 00 
              00 00 00 
              00 00 00 
              00 00 00 
              00 00 00 
              00 00 00 
              00 00 00 
              00 00 00 
              00 00 00 
              00 00 00 
              00 00 00 
              00 00 00 
              00 00 00 
              00 00 00 
              00 00 00 
              00 00 00 
              00 00 00 
              00 00 00 
              00 00 00 
              00 00 00 
              00 00 00 
              00 00 00 
              00 00 00 
              00 00 00 
              00 00 00 
              00 00 00 
              00 00 00 
              00 00 00 
              00 00 00 
              00 00 00 
              00 00 00 
              00 00 00 
              00 00 00 
              00 00 00 
              00 00 00 
              00 00 00 
              00 00 00 
              00 00 00 STRING2 space            0xFF
   72 000001D1                 END
Command Line: --debug --xref --apcs=interwork --depend=.\prog3.d -o.\prog3.o -I
D:\Keil\ARM\RV31\INC -ID:\Keil\ARM\CMSIS\Include --predefine="__EVAL SETA 1" --
list=.\prog3.lst prog3.s



ARM Macro Assembler    Page 1 Alphabetic symbol ordering
Relocatable symbols

CHECK0 00000048

Symbol: CHECK0
   Definitions
      At line 34 in file prog3.s
   Uses
      At line 13 in file prog3.s
Comment: CHECK0 used once
CHECK1 00000060

Symbol: CHECK1
   Definitions
      At line 42 in file prog3.s
   Uses
      At line 16 in file prog3.s
Comment: CHECK1 used once
CHECK2 00000070

Symbol: CHECK2
   Definitions
      At line 48 in file prog3.s
   Uses
      At line 19 in file prog3.s
Comment: CHECK2 used once
CHECK3 00000080

Symbol: CHECK3
   Definitions
      At line 54 in file prog3.s
   Uses
      At line 22 in file prog3.s
Comment: CHECK3 used once
CHECK4 00000090

Symbol: CHECK4
   Definitions
      At line 60 in file prog3.s
   Uses
      At line 25 in file prog3.s
Comment: CHECK4 used once
EoS 000000D1

Symbol: EoS
   Definitions
      At line 70 in file prog3.s
   Uses
      None
Comment: EoS unused
ILOOP 00000044

Symbol: ILOOP
   Definitions
      At line 32 in file prog3.s
   Uses
      At line 32 in file prog3.s
Comment: ILOOP used once
INSERT 00000038

Symbol: INSERT



ARM Macro Assembler    Page 2 Alphabetic symbol ordering
Relocatable symbols

   Definitions
      At line 27 in file prog3.s
   Uses
      At line 37 in file prog3.s
      At line 40 in file prog3.s
      At line 46 in file prog3.s
      At line 52 in file prog3.s
      At line 58 in file prog3.s
      At line 66 in file prog3.s

STRING1 000000AC

Symbol: STRING1
   Definitions
      At line 69 in file prog3.s
   Uses
      At line 4 in file prog3.s
Comment: STRING1 used once
STRING2 000000D2

Symbol: STRING2
   Definitions
      At line 71 in file prog3.s
   Uses
      At line 5 in file prog3.s
Comment: STRING2 used once
WHILE 0000000C

Symbol: WHILE
   Definitions
      At line 9 in file prog3.s
   Uses
      At line 30 in file prog3.s
Comment: WHILE used once
prog3 00000000

Symbol: prog3
   Definitions
      At line 1 in file prog3.s
   Uses
      None
Comment: prog3 unused
12 symbols
345 symbols in table
