


ARM Macro Assembler    Page 1 


    1 00000000                 AREA             prog2, CODE, READWRITE
    2 00000000                 ENTRY
    3 00000000         
    4 00000000 E59F0038        LDR              r0, =STRING1
    5 00000004 E59F1038        LDR              r1, =STRING3
    6 00000008 E3A02000        MOV              r2, #0
    7 0000000C         
    8 0000000C         WHILE
    9 0000000C E4D03001        LDRB             r3, [r0], #1
   10 00000010         
   11 00000010 E3530000        CMP              r3, #0
   12 00000014 0A000001        BEQ              NEXTS
   13 00000018         
   14 00000018 14C13001        STRBNE           r3, [r1], #1
   15 0000001C         
   16 0000001C EAFFFFFA        B                WHILE
   17 00000020         
   18 00000020         NEXTS
   19 00000020 E3520000        CMP              r2, #0
   20 00000024 02822001        ADDEQ            r2, #1
   21 00000028 059F0018        LDREQ            r0, =STRING2
   22 0000002C 0AFFFFF6        BEQ              WHILE
   23 00000030 1AFFFFFF        BNE              DONE
   24 00000034         
   25 00000034 E3A00000 
                       DONE    MOV              r0, #0
   26 00000038 E5C10000        STRB             r0, [r1]
   27 0000003C         
   28 0000003C EAFFFFFE 
                       ILOOP   B                ILOOP
   29 00000040         
   30 00000040 00000000 
              00000000 
              00000000         AREA             prog2, DATA, READWRITE
   31 0000004C 54 68 69 
              73 20 69 
              73 20 61 
              20 74 65 
              73 74 20 
              73 74 72 
              69 6E 67 
              31       STRING1 DCB              "This is a test string1" 
                                                            ;String1
   32 00000062 00      EoS     DCB              0x00        ;end of string1
   33 00000063 54 68 69 
              73 20 69 
              73 20 61 
              20 74 65 
              73 74 20 
              73 74 72 
              69 6E 67 
              32       STRING2 DCB              "This is a test string2" 
                                                            ;String
   34 00000079 00      EoS2    DCB              0x00        ;end of string2
   35 0000007A 00 00 00 
              00 00 00 
              00 00 00 
              00 00 00 
              00 00 00 



ARM Macro Assembler    Page 2 


              00 00 00 
              00 00 00 
              00 00 00 
              00 00 00 
              00 00 00 
              00 00 00 
              00 00 00 
              00 00 00 
              00 00 00 
              00 00 00 
              00 00 00 
              00 00 00 
              00 00 00 
              00 00 00 
              00 00 00 
              00 00 00 
              00 00 00 
              00 00 00 
              00 00 00 
              00 00 00 
              00 00 00 
              00 00 00 
              00 00 00 
              00 00 00 
              00 00 00 
              00 00 00 
              00 00 00 
              00 00 00 
              00 00 00 
              00 00 00 
              00 00 00 
              00 00 00 
              00 00 00 
              00 00 00 
              00 00 00 
              00 00 00 
              00 00 00 
              00 00 00 
              00 00 00 
              00 00 00 
              00 00 00 
              00 00 00 
              00 00 00 
              00 00 00 
              00 00 00 
              00 00 00 
              00 00 00 
              00 00 00 
              00 00 00 
              00 00 00 
              00 00 00 
              00 00 00 
              00 00 00 
              00 00 00 
              00 00 00 
              00 00 00 
              00 00 00 
              00 00 00 
              00 00 00 



ARM Macro Assembler    Page 3 


              00 00 00 
              00 00 00 
              00 00 00 
              00 00 00 
              00 00 00 
              00 00 00 
              00 00 00 
              00 00 00 
              00 00 00 
              00 00 00 
              00 00 00 
              00 00 00 
              00 00 00 
              00 00 00 
              00 00 00 
              00 00 00 
              00 00 00 
              00 00 00 
              00 00 00 
              00 00 00 
              00 00 00 STRING3 space            0xFF
   36 00000179                 END
Command Line: --debug --xref --apcs=interwork --depend=.\prog2.d -o.\prog2.o -I
D:\Keil\ARM\RV31\INC -ID:\Keil\ARM\CMSIS\Include --predefine="__EVAL SETA 1" --
list=.\prog2.lst prog2.s



ARM Macro Assembler    Page 1 Alphabetic symbol ordering
Relocatable symbols

DONE 00000034

Symbol: DONE
   Definitions
      At line 25 in file prog2.s
   Uses
      At line 23 in file prog2.s
Comment: DONE used once
EoS 00000062

Symbol: EoS
   Definitions
      At line 32 in file prog2.s
   Uses
      None
Comment: EoS unused
EoS2 00000079

Symbol: EoS2
   Definitions
      At line 34 in file prog2.s
   Uses
      None
Comment: EoS2 unused
ILOOP 0000003C

Symbol: ILOOP
   Definitions
      At line 28 in file prog2.s
   Uses
      At line 28 in file prog2.s
Comment: ILOOP used once
NEXTS 00000020

Symbol: NEXTS
   Definitions
      At line 18 in file prog2.s
   Uses
      At line 12 in file prog2.s
Comment: NEXTS used once
STRING1 0000004C

Symbol: STRING1
   Definitions
      At line 31 in file prog2.s
   Uses
      At line 4 in file prog2.s
Comment: STRING1 used once
STRING2 00000063

Symbol: STRING2
   Definitions
      At line 33 in file prog2.s
   Uses
      At line 21 in file prog2.s
Comment: STRING2 used once
STRING3 0000007A

Symbol: STRING3



ARM Macro Assembler    Page 2 Alphabetic symbol ordering
Relocatable symbols

   Definitions
      At line 35 in file prog2.s
   Uses
      At line 5 in file prog2.s
Comment: STRING3 used once
WHILE 0000000C

Symbol: WHILE
   Definitions
      At line 8 in file prog2.s
   Uses
      At line 16 in file prog2.s
      At line 22 in file prog2.s

prog2 00000000

Symbol: prog2
   Definitions
      At line 1 in file prog2.s
   Uses
      None
Comment: prog2 unused
10 symbols
343 symbols in table
