


ARM Macro Assembler    Page 1 


    1 00000000                 AREA             pro1, CODE, READWRITE
    2 00000000                 ENTRY
    3 00000000         
    4 00000000 E59F0040        LDR              r0, =UPC
    5 00000004 E2400001        SUB              r0, #1
    6 00000008         
    7 00000008 E3A04003        MOV              r4, #3
    8 0000000C E3A05006        MOV              r5, #6
    9 00000010         
   10 00000010         LOOP
   11 00000010 E5F01001        LDRB             r1, [r0, #1]!
   12 00000014 E5F02001        LDRB             r2, [r0, #1]!
   13 00000018         
   14 00000018 E2411030        SUB              r1, #0x30
   15 0000001C E2422030        SUB              r2, #0x30
   16 00000020         
   17 00000020 E0833001        ADD              r3, r1
   18 00000024 E0233492        MLA              r3, r2, r4, r3
   19 00000028         
   20 00000028 E353000A 
                       REDUCE  CMP              r3, #0xA
   21 0000002C A243300A        SUBGE            r3, #0xA
   22 00000030 A24FF010        SUBGE            pc, #16
   23 00000034         
   24 00000034 E2555001        SUBS             r5, #1
   25 00000038         
   26 00000038 1AFFFFF4        BNE              LOOP
   27 0000003C         
   28 0000003C 03A00000        MOVEQ            r0, #0
   29 00000040 13A00001        MOVNE            r0, #1
   30 00000044         
   31 00000044         
   32 00000044 EAFFFFFE 
                       ILOOP   B                ILOOP
   33 00000048         
   34 00000048 00000000        AREA             prog1, DATA, READWRITE
   35 00000000 30 31 30 
              38 30 30 
              30 35 30 
              37 33 38 UPC     DCB              "010800050738" ;UPC string
   36 0000000C 00      EoS     DCB              0x00        ;end of string
   37 0000000D                 END
Command Line: --debug --xref --apcs=interwork --depend=.\prog1.d -o.\prog1.o -I
D:\Keil\ARM\RV31\INC -ID:\Keil\ARM\CMSIS\Include --predefine="__EVAL SETA 1" --
list=.\prog1.lst prog1.s



ARM Macro Assembler    Page 1 Alphabetic symbol ordering
Relocatable symbols

ILOOP 00000044

Symbol: ILOOP
   Definitions
      At line 32 in file prog1.s
   Uses
      At line 32 in file prog1.s
Comment: ILOOP used once
LOOP 00000010

Symbol: LOOP
   Definitions
      At line 10 in file prog1.s
   Uses
      At line 26 in file prog1.s
Comment: LOOP used once
REDUCE 00000028

Symbol: REDUCE
   Definitions
      At line 20 in file prog1.s
   Uses
      None
Comment: REDUCE unused
pro1 00000000

Symbol: pro1
   Definitions
      At line 1 in file prog1.s
   Uses
      None
Comment: pro1 unused
4 symbols



ARM Macro Assembler    Page 1 Alphabetic symbol ordering
Relocatable symbols

EoS 0000000C

Symbol: EoS
   Definitions
      At line 36 in file prog1.s
   Uses
      None
Comment: EoS unused
UPC 00000000

Symbol: UPC
   Definitions
      At line 35 in file prog1.s
   Uses
      At line 4 in file prog1.s
Comment: UPC used once
prog1 00000000

Symbol: prog1
   Definitions
      At line 34 in file prog1.s
   Uses
      None
Comment: prog1 unused
3 symbols
340 symbols in table
