


ARM Macro Assembler    Page 1 


    1 00000000                 AREA             prog3, CODE, READWRITE
    2 00000000                 ENTRY
    3 00000000         
    4 00000000 E28FDF52        ADR              sp, STK
    5 00000004 E3A00003        MOV              r0, #3
    6 00000008 EB000001        BL               FUN
    7 0000000C E0010090        MUL              r1, r0, r0
    8 00000010         
    9 00000010 EAFFFFFE 
                       ILOOP   B                ILOOP
   10 00000014         
   11 00000014 E92D400E 
                       FUN     STMFD            sp!, {r1-r3, lr}
   12 00000018         
   13 00000018 E59F1020        LDR              r1, VA
   14 0000001C E59F2020        LDR              r2, VB
   15 00000020 E0232091        MLA              r3, r1, r0, r2
   16 00000024         
   17 00000024 E59F101C        LDR              r1, VC
   18 00000028 E0221093        MLA              r2, r3, r0, r1
   19 0000002C E1A00002        MOV              r0, r2
   20 00000030         
   21 00000030 E59F1014        LDR              r1, VD
   22 00000034 E1500001        CMP              r0, r1
   23 00000038 C1A00001        MOVGT            r0, r1
   24 0000003C         
   25 0000003C E8BD800E        LDMFD            sp!, {r1-r3, pc}
   26 00000040         
   27 00000040                 AREA             prog3, DATA, READWRITE
   28 00000040 00000005 
                       VA      DCD              5
   29 00000044 00000006 
                       VB      DCD              6
   30 00000048 00000007 
                       VC      DCD              7
   31 0000004C 0000005A 
                       VD      DCD              90
   32 00000050 00 00 00 
              00 00 00 
              00 00 00 
              00 00 00 
              00 00 00 
              00 00 00 
              00 00 00 
              00 00 00 
              00 00 00 
              00 00 00 
              00 00 00 
              00 00 00 
              00 00 00 
              00 00 00 
              00 00 00 
              00 00 00 
              00 00 00 
              00 00 00 
              00 00 00 
              00 00 00 
              00 00 00 
              00 00 00 



ARM Macro Assembler    Page 2 


              00 00 00 
              00 00 00 
              00 00 00 
              00 00 00 
              00 00 00 
              00 00 00 
              00 00 00 
              00 00 00 
              00 00 00 
              00 00 00 
              00 00 00 
              00 00 00 
              00 00 00 
              00 00 00 
              00 00 00 
              00 00 00 
              00 00 00 
              00 00 00 
              00 00 00 
              00 00 00 
              00 00 00 
              00 00 00 
              00 00 00 
              00 00 00 
              00 00 00 
              00 00 00 
              00 00 00 
              00 00 00 
              00 00 00 
              00 00 00 
              00 00 00 
              00 00 00 
              00 00 00 
              00 00 00 
              00 00 00 
              00 00 00 
              00 00 00 
              00 00 00 
              00 00 00 
              00 00 00 
              00 00 00 
              00 00 00 
              00 00 00 
              00 00 00 
              00 00 00 
              00 00 00 
              00 00 00 
              00 00 00 
              00 00 00 
              00 00 00 
              00 00 00 
              00 00 00 
              00 00 00 
              00 00 00 
              00 00 00 
              00 00 00 
              00 00 00 
              00 00 00 
              00 00 00 



ARM Macro Assembler    Page 3 


              00 00 00 
              00 00 00 
              00 00 00 
              00 00 00         space            0xFF
   33 0000014F 00 00000000 
                       STK     DCD              0x0
   34 00000154                 END
Command Line: --debug --xref --apcs=interwork --depend=.\prog4.d -o.\prog4.o -I
D:\Keil\ARM\RV31\INC -ID:\Keil\ARM\CMSIS\Include --predefine="__EVAL SETA 1" --
list=.\prog4.lst prog4.s



ARM Macro Assembler    Page 1 Alphabetic symbol ordering
Relocatable symbols

FUN 00000014

Symbol: FUN
   Definitions
      At line 11 in file prog4.s
   Uses
      At line 6 in file prog4.s
Comment: FUN used once
ILOOP 00000010

Symbol: ILOOP
   Definitions
      At line 9 in file prog4.s
   Uses
      At line 9 in file prog4.s
Comment: ILOOP used once
STK 00000150

Symbol: STK
   Definitions
      At line 33 in file prog4.s
   Uses
      At line 4 in file prog4.s
Comment: STK used once
VA 00000040

Symbol: VA
   Definitions
      At line 28 in file prog4.s
   Uses
      At line 13 in file prog4.s
Comment: VA used once
VB 00000044

Symbol: VB
   Definitions
      At line 29 in file prog4.s
   Uses
      At line 14 in file prog4.s
Comment: VB used once
VC 00000048

Symbol: VC
   Definitions
      At line 30 in file prog4.s
   Uses
      At line 17 in file prog4.s
Comment: VC used once
VD 0000004C

Symbol: VD
   Definitions
      At line 31 in file prog4.s
   Uses
      At line 21 in file prog4.s
Comment: VD used once
prog3 00000000

Symbol: prog3



ARM Macro Assembler    Page 2 Alphabetic symbol ordering
Relocatable symbols

   Definitions
      At line 1 in file prog4.s
   Uses
      None
Comment: prog3 unused
8 symbols
339 symbols in table
